Iniciando monitoreo de logs de motioneye para errores de cámara...
Sat May 17 15:16:02 -03 2025: Errores de cámara detectados en los últimos 100 logs: 5
Sat May 17 15:16:02 -03 2025: Umbral de error (5) alcanzado. Intentando detener y reiniciar el contenedor motioneye...
motioneye
Sat May 17 15:16:14 -03 2025: Contenedor motioneye detenido correctamente.
motioneye
Sat May 17 15:16:26 -03 2025: Contenedor motioneye iniciado correctamente.
Sat May 17 15:17:56 -03 2025: Errores de cámara detectados en los últimos 100 logs: 5
Sat May 17 15:17:56 -03 2025: Umbral de error (5) alcanzado. Intentando detener y reiniciar el contenedor motioneye...
motioneye
Sat May 17 15:18:08 -03 2025: Contenedor motioneye detenido correctamente.
motioneye
Sat May 17 15:18:19 -03 2025: Contenedor motioneye iniciado correctamente.
Sat May 17 15:19:49 -03 2025: Errores de cámara detectados en los últimos 100 logs: 5
Sat May 17 15:19:49 -03 2025: Umbral de error (5) alcanzado. Intentando detener y reiniciar el contenedor motioneye...
motioneye
Sat May 17 15:20:01 -03 2025: Contenedor motioneye detenido correctamente.
motioneye
Sat May 17 15:20:12 -03 2025: Contenedor motioneye iniciado correctamente.
Sat May 17 15:21:42 -03 2025: Errores de cámara detectados en los últimos 100 logs: 5
Sat May 17 15:21:42 -03 2025: Umbral de error (5) alcanzado. Intentando detener y reiniciar el contenedor motioneye...
motioneye
Sat May 17 15:21:53 -03 2025: Contenedor motioneye detenido correctamente.
motioneye
Sat May 17 15:22:04 -03 2025: Contenedor motioneye iniciado correctamente.
Sat May 17 15:23:35 -03 2025: Errores de cámara detectados en los últimos 100 logs: 4
Sat May 17 15:24:05 -03 2025: Errores de cámara detectados en los últimos 100 logs: 4
Sat May 17 15:24:35 -03 2025: Errores de cámara detectados en los últimos 100 logs: 4
Sat May 17 15:25:05 -03 2025: Errores de cámara detectados en los últimos 100 logs: 4
Sat May 17 15:25:35 -03 2025: Errores de cámara detectados en los últimos 100 logs: 4
Sat May 17 15:26:05 -03 2025: Errores de cámara detectados en los últimos 100 logs: 4
Sat May 17 15:26:36 -03 2025: Errores de cámara detectados en los últimos 100 logs: 4
Sat May 17 15:27:06 -03 2025: Errores de cámara detectados en los últimos 100 logs: 4
Sat May 17 15:27:36 -03 2025: Errores de cámara detectados en los últimos 100 logs: 4
Sat May 17 15:28:06 -03 2025: Errores de cámara detectados en los últimos 100 logs: 4
Sat May 17 15:28:36 -03 2025: Errores de cámara detectados en los últimos 100 logs: 4
Sat May 17 15:29:06 -03 2025: Errores de cámara detectados en los últimos 100 logs: 4
Sat May 17 15:29:37 -03 2025: Errores de cámara detectados en los últimos 100 logs: 4
Sat May 17 15:30:07 -03 2025: Errores de cámara detectados en los últimos 100 logs: 4
Sat May 17 15:30:37 -03 2025: Errores de cámara detectados en los últimos 100 logs: 4
Sat May 17 15:31:07 -03 2025: Errores de cámara detectados en los últimos 100 logs: 4
Sat May 17 15:31:37 -03 2025: Errores de cámara detectados en los últimos 100 logs: 4
Sat May 17 15:32:07 -03 2025: Errores de cámara detectados en los últimos 100 logs: 4
Sat May 17 15:32:38 -03 2025: Errores de cámara detectados en los últimos 100 logs: 4
Sat May 17 15:33:08 -03 2025: Errores de cámara detectados en los últimos 100 logs: 4
Sat May 17 15:33:38 -03 2025: Errores de cámara detectados en los últimos 100 logs: 4
Sat May 17 15:34:08 -03 2025: Errores de cámara detectados en los últimos 100 logs: 4
Sat May 17 15:34:38 -03 2025: Errores de cámara detectados en los últimos 100 logs: 4
Sat May 17 15:35:08 -03 2025: Errores de cámara detectados en los últimos 100 logs: 4
Sat May 17 15:35:38 -03 2025: Errores de cámara detectados en los últimos 100 logs: 4
Sat May 17 15:36:08 -03 2025: Errores de cámara detectados en los últimos 100 logs: 4
Sat May 17 15:36:39 -03 2025: Errores de cámara detectados en los últimos 100 logs: 4
Sat May 17 15:37:09 -03 2025: Errores de cámara detectados en los últimos 100 logs: 4
Sat May 17 15:37:39 -03 2025: Errores de cámara detectados en los últimos 100 logs: 4
Sat May 17 15:38:09 -03 2025: Errores de cámara detectados en los últimos 100 logs: 4
Sat May 17 15:38:39 -03 2025: Errores de cámara detectados en los últimos 100 logs: 4
Sat May 17 15:39:09 -03 2025: Errores de cámara detectados en los últimos 100 logs: 4
Sat May 17 15:39:40 -03 2025: Errores de cámara detectados en los últimos 100 logs: 4
Sat May 17 15:40:10 -03 2025: Errores de cámara detectados en los últimos 100 logs: 4
Sat May 17 15:40:40 -03 2025: Errores de cámara detectados en los últimos 100 logs: 4
Sat May 17 15:41:10 -03 2025: Errores de cámara detectados en los últimos 100 logs: 4
Sat May 17 15:41:40 -03 2025: Errores de cámara detectados en los últimos 100 logs: 4
Sat May 17 15:42:10 -03 2025: Errores de cámara detectados en los últimos 100 logs: 4
Sat May 17 15:42:40 -03 2025: Errores de cámara detectados en los últimos 100 logs: 4
Sat May 17 15:43:11 -03 2025: Errores de cámara detectados en los últimos 100 logs: 4
Sat May 17 15:43:41 -03 2025: Errores de cámara detectados en los últimos 100 logs: 4
Sat May 17 15:44:11 -03 2025: Errores de cámara detectados en los últimos 100 logs: 4
Sat May 17 15:44:41 -03 2025: Errores de cámara detectados en los últimos 100 logs: 4
Sat May 17 15:45:11 -03 2025: Errores de cámara detectados en los últimos 100 logs: 4
Sat May 17 15:45:41 -03 2025: Errores de cámara detectados en los últimos 100 logs: 4
Sat May 17 15:46:12 -03 2025: Errores de cámara detectados en los últimos 100 logs: 4
Sat May 17 15:46:42 -03 2025: Errores de cámara detectados en los últimos 100 logs: 4
Sat May 17 15:47:12 -03 2025: Errores de cámara detectados en los últimos 100 logs: 4
Sat May 17 15:47:42 -03 2025: Errores de cámara detectados en los últimos 100 logs: 4
Sat May 17 15:48:12 -03 2025: Errores de cámara detectados en los últimos 100 logs: 4
Sat May 17 15:48:42 -03 2025: Errores de cámara detectados en los últimos 100 logs: 4
Sat May 17 15:49:13 -03 2025: Errores de cámara detectados en los últimos 100 logs: 4
Sat May 17 15:49:43 -03 2025: Errores de cámara detectados en los últimos 100 logs: 4
Sat May 17 15:50:13 -03 2025: Errores de cámara detectados en los últimos 100 logs: 4
Sat May 17 15:50:43 -03 2025: Errores de cámara detectados en los últimos 100 logs: 4
Sat May 17 15:51:13 -03 2025: Errores de cámara detectados en los últimos 100 logs: 4
Sat May 17 15:51:43 -03 2025: Errores de cámara detectados en los últimos 100 logs: 4
Sat May 17 15:52:14 -03 2025: Errores de cámara detectados en los últimos 100 logs: 4
Sat May 17 15:52:44 -03 2025: Errores de cámara detectados en los últimos 100 logs: 4
Sat May 17 15:53:14 -03 2025: Errores de cámara detectados en los últimos 100 logs: 4
Sat May 17 15:53:44 -03 2025: Errores de cámara detectados en los últimos 100 logs: 4
Sat May 17 15:54:14 -03 2025: Errores de cámara detectados en los últimos 100 logs: 4
Sat May 17 15:54:44 -03 2025: Errores de cámara detectados en los últimos 100 logs: 4
Sat May 17 15:55:15 -03 2025: Errores de cámara detectados en los últimos 100 logs: 4
Sat May 17 15:55:45 -03 2025: Errores de cámara detectados en los últimos 100 logs: 4
Sat May 17 15:56:15 -03 2025: Errores de cámara detectados en los últimos 100 logs: 4
Sat May 17 15:56:45 -03 2025: Errores de cámara detectados en los últimos 100 logs: 4
Sat May 17 15:57:15 -03 2025: Errores de cámara detectados en los últimos 100 logs: 4
Sat May 17 15:57:45 -03 2025: Errores de cámara detectados en los últimos 100 logs: 4
Sat May 17 15:58:16 -03 2025: Errores de cámara detectados en los últimos 100 logs: 4
Sat May 17 15:58:46 -03 2025: Errores de cámara detectados en los últimos 100 logs: 4
Sat May 17 15:59:16 -03 2025: Errores de cámara detectados en los últimos 100 logs: 4
Sat May 17 15:59:46 -03 2025: Errores de cámara detectados en los últimos 100 logs: 4
Sat May 17 16:00:16 -03 2025: Errores de cámara detectados en los últimos 100 logs: 4
Sat May 17 16:00:46 -03 2025: Errores de cámara detectados en los últimos 100 logs: 4
Sat May 17 16:01:17 -03 2025: Errores de cámara detectados en los últimos 100 logs: 4
Sat May 17 16:01:47 -03 2025: Errores de cámara detectados en los últimos 100 logs: 4
Sat May 17 16:02:17 -03 2025: Errores de cámara detectados en los últimos 100 logs: 4
Sat May 17 16:02:47 -03 2025: Errores de cámara detectados en los últimos 100 logs: 4
Sat May 17 16:03:17 -03 2025: Errores de cámara detectados en los últimos 100 logs: 4
Sat May 17 16:03:48 -03 2025: Errores de cámara detectados en los últimos 100 logs: 4
Sat May 17 16:04:18 -03 2025: Errores de cámara detectados en los últimos 100 logs: 4
Sat May 17 16:04:48 -03 2025: Errores de cámara detectados en los últimos 100 logs: 4
Sat May 17 16:05:18 -03 2025: Errores de cámara detectados en los últimos 100 logs: 4
Sat May 17 16:05:48 -03 2025: Errores de cámara detectados en los últimos 100 logs: 4
Sat May 17 16:06:18 -03 2025: Errores de cámara detectados en los últimos 100 logs: 4
Sat May 17 16:06:49 -03 2025: Errores de cámara detectados en los últimos 100 logs: 4
Sat May 17 16:07:19 -03 2025: Errores de cámara detectados en los últimos 100 logs: 4
Sat May 17 16:07:49 -03 2025: Errores de cámara detectados en los últimos 100 logs: 4
Sat May 17 16:08:19 -03 2025: Errores de cámara detectados en los últimos 100 logs: 4
Sat May 17 16:08:49 -03 2025: Errores de cámara detectados en los últimos 100 logs: 4
Sat May 17 16:09:19 -03 2025: Errores de cámara detectados en los últimos 100 logs: 4
Sat May 17 16:09:49 -03 2025: Errores de cámara detectados en los últimos 100 logs: 4
Sat May 17 16:10:20 -03 2025: Errores de cámara detectados en los últimos 100 logs: 4
Sat May 17 16:10:50 -03 2025: Errores de cámara detectados en los últimos 100 logs: 4
Sat May 17 16:11:20 -03 2025: Errores de cámara detectados en los últimos 100 logs: 4
Sat May 17 16:11:50 -03 2025: Errores de cámara detectados en los últimos 100 logs: 4
Sat May 17 16:12:20 -03 2025: Errores de cámara detectados en los últimos 100 logs: 4
Sat May 17 16:12:50 -03 2025: Errores de cámara detectados en los últimos 100 logs: 4
Sat May 17 16:13:21 -03 2025: Errores de cámara detectados en los últimos 100 logs: 4
Sat May 17 16:13:51 -03 2025: Errores de cámara detectados en los últimos 100 logs: 4
Sat May 17 16:14:21 -03 2025: Errores de cámara detectados en los últimos 100 logs: 4
Sat May 17 16:14:51 -03 2025: Errores de cámara detectados en los últimos 100 logs: 4
Sat May 17 16:15:21 -03 2025: Errores de cámara detectados en los últimos 100 logs: 4
Sat May 17 16:15:51 -03 2025: Errores de cámara detectados en los últimos 100 logs: 4
Sat May 17 16:16:21 -03 2025: Errores de cámara detectados en los últimos 100 logs: 4
Sat May 17 16:16:52 -03 2025: Errores de cámara detectados en los últimos 100 logs: 4
Sat May 17 16:17:22 -03 2025: Errores de cámara detectados en los últimos 100 logs: 4
Sat May 17 16:17:52 -03 2025: Errores de cámara detectados en los últimos 100 logs: 4
Sat May 17 16:18:22 -03 2025: Errores de cámara detectados en los últimos 100 logs: 4
Sat May 17 16:18:52 -03 2025: Errores de cámara detectados en los últimos 100 logs: 4
Sat May 17 16:19:22 -03 2025: Errores de cámara detectados en los últimos 100 logs: 4
Sat May 17 16:19:52 -03 2025: Errores de cámara detectados en los últimos 100 logs: 4
Sat May 17 16:20:23 -03 2025: Errores de cámara detectados en los últimos 100 logs: 4
Sat May 17 16:20:53 -03 2025: Errores de cámara detectados en los últimos 100 logs: 4
Sat May 17 16:21:23 -03 2025: Errores de cámara detectados en los últimos 100 logs: 4
Sat May 17 16:21:53 -03 2025: Errores de cámara detectados en los últimos 100 logs: 4
Sat May 17 16:22:23 -03 2025: Errores de cámara detectados en los últimos 100 logs: 4
Sat May 17 16:22:53 -03 2025: Errores de cámara detectados en los últimos 100 logs: 4
Sat May 17 16:23:24 -03 2025: Errores de cámara detectados en los últimos 100 logs: 4
Sat May 17 16:23:54 -03 2025: Errores de cámara detectados en los últimos 100 logs: 4
Sat May 17 16:24:24 -03 2025: Errores de cámara detectados en los últimos 100 logs: 4
Sat May 17 16:24:54 -03 2025: Errores de cámara detectados en los últimos 100 logs: 4
Sat May 17 16:25:24 -03 2025: Errores de cámara detectados en los últimos 100 logs: 4
Sat May 17 16:25:54 -03 2025: Errores de cámara detectados en los últimos 100 logs: 4
Sat May 17 16:26:25 -03 2025: Errores de cámara detectados en los últimos 100 logs: 4
Sat May 17 16:26:55 -03 2025: Errores de cámara detectados en los últimos 100 logs: 4
Sat May 17 16:27:25 -03 2025: Errores de cámara detectados en los últimos 100 logs: 4
Sat May 17 16:27:55 -03 2025: Errores de cámara detectados en los últimos 100 logs: 4
Sat May 17 16:28:25 -03 2025: Errores de cámara detectados en los últimos 100 logs: 4
Sat May 17 16:28:55 -03 2025: Errores de cámara detectados en los últimos 100 logs: 4
Sat May 17 16:29:26 -03 2025: Errores de cámara detectados en los últimos 100 logs: 4
Sat May 17 16:29:56 -03 2025: Errores de cámara detectados en los últimos 100 logs: 4
Sat May 17 16:30:26 -03 2025: Errores de cámara detectados en los últimos 100 logs: 4
Sat May 17 16:30:56 -03 2025: Errores de cámara detectados en los últimos 100 logs: 4
Sat May 17 16:31:26 -03 2025: Errores de cámara detectados en los últimos 100 logs: 4
Sat May 17 16:31:56 -03 2025: Errores de cámara detectados en los últimos 100 logs: 4
Sat May 17 16:32:26 -03 2025: Errores de cámara detectados en los últimos 100 logs: 4
Sat May 17 16:32:57 -03 2025: Errores de cámara detectados en los últimos 100 logs: 4
Sat May 17 16:33:27 -03 2025: Errores de cámara detectados en los últimos 100 logs: 4
Sat May 17 16:33:57 -03 2025: Errores de cámara detectados en los últimos 100 logs: 4
Sat May 17 16:34:27 -03 2025: Errores de cámara detectados en los últimos 100 logs: 4
Sat May 17 16:34:57 -03 2025: Errores de cámara detectados en los últimos 100 logs: 4
Sat May 17 16:35:27 -03 2025: Errores de cámara detectados en los últimos 100 logs: 4
Sat May 17 16:35:58 -03 2025: Errores de cámara detectados en los últimos 100 logs: 4
Sat May 17 16:36:28 -03 2025: Errores de cámara detectados en los últimos 100 logs: 4
Sat May 17 16:36:58 -03 2025: Errores de cámara detectados en los últimos 100 logs: 4
Sat May 17 16:37:28 -03 2025: Errores de cámara detectados en los últimos 100 logs: 4
Sat May 17 16:37:58 -03 2025: Errores de cámara detectados en los últimos 100 logs: 4
Sat May 17 16:38:28 -03 2025: Errores de cámara detectados en los últimos 100 logs: 4
Sat May 17 16:38:59 -03 2025: Errores de cámara detectados en los últimos 100 logs: 4
Sat May 17 16:39:29 -03 2025: Errores de cámara detectados en los últimos 100 logs: 4
Sat May 17 16:39:59 -03 2025: Errores de cámara detectados en los últimos 100 logs: 4
Sat May 17 16:40:29 -03 2025: Errores de cámara detectados en los últimos 100 logs: 4
Sat May 17 16:40:59 -03 2025: Errores de cámara detectados en los últimos 100 logs: 4
Sat May 17 16:41:29 -03 2025: Errores de cámara detectados en los últimos 100 logs: 4
Sat May 17 16:41:59 -03 2025: Errores de cámara detectados en los últimos 100 logs: 4
Sat May 17 16:42:30 -03 2025: Errores de cámara detectados en los últimos 100 logs: 4
Sat May 17 16:43:00 -03 2025: Errores de cámara detectados en los últimos 100 logs: 4
Sat May 17 16:43:30 -03 2025: Errores de cámara detectados en los últimos 100 logs: 4
Sat May 17 16:44:00 -03 2025: Errores de cámara detectados en los últimos 100 logs: 4
Sat May 17 16:44:30 -03 2025: Errores de cámara detectados en los últimos 100 logs: 4
Sat May 17 16:45:00 -03 2025: Errores de cámara detectados en los últimos 100 logs: 4
Sat May 17 16:45:31 -03 2025: Errores de cámara detectados en los últimos 100 logs: 4
Sat May 17 16:46:01 -03 2025: Errores de cámara detectados en los últimos 100 logs: 4
Sat May 17 16:46:31 -03 2025: Errores de cámara detectados en los últimos 100 logs: 4
Sat May 17 16:47:01 -03 2025: Errores de cámara detectados en los últimos 100 logs: 4
Sat May 17 16:47:31 -03 2025: Errores de cámara detectados en los últimos 100 logs: 4
Sat May 17 16:48:02 -03 2025: Errores de cámara detectados en los últimos 100 logs: 4
Sat May 17 16:48:32 -03 2025: Errores de cámara detectados en los últimos 100 logs: 4
Sat May 17 16:49:02 -03 2025: Errores de cámara detectados en los últimos 100 logs: 4
Sat May 17 16:49:32 -03 2025: Errores de cámara detectados en los últimos 100 logs: 4
Sat May 17 16:50:02 -03 2025: Errores de cámara detectados en los últimos 100 logs: 4
Sat May 17 16:50:32 -03 2025: Errores de cámara detectados en los últimos 100 logs: 4
Sat May 17 16:51:03 -03 2025: Errores de cámara detectados en los últimos 100 logs: 4
Sat May 17 16:51:33 -03 2025: Errores de cámara detectados en los últimos 100 logs: 4
Sat May 17 16:52:03 -03 2025: Errores de cámara detectados en los últimos 100 logs: 4
Sat May 17 16:52:33 -03 2025: Errores de cámara detectados en los últimos 100 logs: 4
Sat May 17 16:53:03 -03 2025: Errores de cámara detectados en los últimos 100 logs: 4
Sat May 17 16:53:33 -03 2025: Errores de cámara detectados en los últimos 100 logs: 4
Sat May 17 16:54:04 -03 2025: Errores de cámara detectados en los últimos 100 logs: 4
Sat May 17 16:54:34 -03 2025: Errores de cámara detectados en los últimos 100 logs: 4
Sat May 17 16:55:04 -03 2025: Errores de cámara detectados en los últimos 100 logs: 4
Sat May 17 16:55:34 -03 2025: Errores de cámara detectados en los últimos 100 logs: 4
Sat May 17 16:56:04 -03 2025: Errores de cámara detectados en los últimos 100 logs: 4
Sat May 17 16:56:35 -03 2025: Errores de cámara detectados en los últimos 100 logs: 4
Sat May 17 16:57:05 -03 2025: Errores de cámara detectados en los últimos 100 logs: 4
Sat May 17 16:57:35 -03 2025: Errores de cámara detectados en los últimos 100 logs: 4
Sat May 17 16:58:05 -03 2025: Errores de cámara detectados en los últimos 100 logs: 4
Sat May 17 16:58:35 -03 2025: Errores de cámara detectados en los últimos 100 logs: 4
Sat May 17 16:59:05 -03 2025: Errores de cámara detectados en los últimos 100 logs: 4
Sat May 17 16:59:36 -03 2025: Errores de cámara detectados en los últimos 100 logs: 4
Sat May 17 17:00:06 -03 2025: Errores de cámara detectados en los últimos 100 logs: 4
Sat May 17 17:00:36 -03 2025: Errores de cámara detectados en los últimos 100 logs: 4
Sat May 17 17:01:06 -03 2025: Errores de cámara detectados en los últimos 100 logs: 4
Sat May 17 17:01:36 -03 2025: Errores de cámara detectados en los últimos 100 logs: 4
Sat May 17 17:02:06 -03 2025: Errores de cámara detectados en los últimos 100 logs: 4
Sat May 17 17:02:37 -03 2025: Errores de cámara detectados en los últimos 100 logs: 4
Sat May 17 17:03:07 -03 2025: Errores de cámara detectados en los últimos 100 logs: 4
Sat May 17 17:03:37 -03 2025: Errores de cámara detectados en los últimos 100 logs: 4
Sat May 17 17:04:07 -03 2025: Errores de cámara detectados en los últimos 100 logs: 4
Sat May 17 17:04:37 -03 2025: Errores de cámara detectados en los últimos 100 logs: 4
Sat May 17 17:05:07 -03 2025: Errores de cámara detectados en los últimos 100 logs: 4
Sat May 17 17:05:37 -03 2025: Errores de cámara detectados en los últimos 100 logs: 4
Sat May 17 17:06:08 -03 2025: Errores de cámara detectados en los últimos 100 logs: 4
Sat May 17 17:06:38 -03 2025: Errores de cámara detectados en los últimos 100 logs: 4
Sat May 17 17:07:08 -03 2025: Errores de cámara detectados en los últimos 100 logs: 4
Sat May 17 17:07:38 -03 2025: Errores de cámara detectados en los últimos 100 logs: 4
Sat May 17 17:08:08 -03 2025: Errores de cámara detectados en los últimos 100 logs: 4
Sat May 17 17:08:38 -03 2025: Errores de cámara detectados en los últimos 100 logs: 4
Sat May 17 17:09:08 -03 2025: Errores de cámara detectados en los últimos 100 logs: 4
Sat May 17 17:09:39 -03 2025: Errores de cámara detectados en los últimos 100 logs: 4
Sat May 17 17:10:09 -03 2025: Errores de cámara detectados en los últimos 100 logs: 4
Sat May 17 17:10:39 -03 2025: Errores de cámara detectados en los últimos 100 logs: 4
Sat May 17 17:11:09 -03 2025: Errores de cámara detectados en los últimos 100 logs: 4
Sat May 17 17:11:39 -03 2025: Errores de cámara detectados en los últimos 100 logs: 4
Sat May 17 17:12:09 -03 2025: Errores de cámara detectados en los últimos 100 logs: 4
Sat May 17 17:12:39 -03 2025: Errores de cámara detectados en los últimos 100 logs: 4
Sat May 17 17:13:10 -03 2025: Errores de cámara detectados en los últimos 100 logs: 4
Sat May 17 17:13:40 -03 2025: Errores de cámara detectados en los últimos 100 logs: 4
Sat May 17 17:14:10 -03 2025: Errores de cámara detectados en los últimos 100 logs: 4
Sat May 17 17:14:40 -03 2025: Errores de cámara detectados en los últimos 100 logs: 4
Sat May 17 17:15:10 -03 2025: Errores de cámara detectados en los últimos 100 logs: 4
Sat May 17 17:15:41 -03 2025: Errores de cámara detectados en los últimos 100 logs: 4
Sat May 17 17:16:11 -03 2025: Errores de cámara detectados en los últimos 100 logs: 4
Sat May 17 17:16:41 -03 2025: Errores de cámara detectados en los últimos 100 logs: 4
Sat May 17 17:17:11 -03 2025: Errores de cámara detectados en los últimos 100 logs: 4
Sat May 17 17:17:41 -03 2025: Errores de cámara detectados en los últimos 100 logs: 4
Sat May 17 17:18:11 -03 2025: Errores de cámara detectados en los últimos 100 logs: 4
Sat May 17 17:18:42 -03 2025: Errores de cámara detectados en los últimos 100 logs: 4
Sat May 17 17:19:12 -03 2025: Errores de cámara detectados en los últimos 100 logs: 4
Sat May 17 17:19:42 -03 2025: Errores de cámara detectados en los últimos 100 logs: 4
Sat May 17 17:20:12 -03 2025: Errores de cámara detectados en los últimos 100 logs: 4
Sat May 17 17:20:42 -03 2025: Errores de cámara detectados en los últimos 100 logs: 4
Sat May 17 17:21:12 -03 2025: Errores de cámara detectados en los últimos 100 logs: 4
Sat May 17 17:21:42 -03 2025: Errores de cámara detectados en los últimos 100 logs: 4
Sat May 17 17:22:12 -03 2025: Errores de cámara detectados en los últimos 100 logs: 4
Sat May 17 17:22:43 -03 2025: Errores de cámara detectados en los últimos 100 logs: 4
Sat May 17 17:23:13 -03 2025: Errores de cámara detectados en los últimos 100 logs: 4
Sat May 17 17:23:43 -03 2025: Errores de cámara detectados en los últimos 100 logs: 4
Sat May 17 17:24:13 -03 2025: Errores de cámara detectados en los últimos 100 logs: 4
Sat May 17 17:24:43 -03 2025: Errores de cámara detectados en los últimos 100 logs: 4
Sat May 17 17:25:14 -03 2025: Errores de cámara detectados en los últimos 100 logs: 4
Sat May 17 17:25:44 -03 2025: Errores de cámara detectados en los últimos 100 logs: 4
Sat May 17 17:26:14 -03 2025: Errores de cámara detectados en los últimos 100 logs: 4
Sat May 17 17:26:44 -03 2025: Errores de cámara detectados en los últimos 100 logs: 4
Sat May 17 17:27:14 -03 2025: Errores de cámara detectados en los últimos 100 logs: 4
Sat May 17 17:27:44 -03 2025: Errores de cámara detectados en los últimos 100 logs: 4
Sat May 17 17:28:14 -03 2025: Errores de cámara detectados en los últimos 100 logs: 4
Sat May 17 17:28:45 -03 2025: Errores de cámara detectados en los últimos 100 logs: 4
Sat May 17 17:29:15 -03 2025: Errores de cámara detectados en los últimos 100 logs: 4
Sat May 17 17:29:45 -03 2025: Errores de cámara detectados en los últimos 100 logs: 4
Sat May 17 17:30:15 -03 2025: Errores de cámara detectados en los últimos 100 logs: 4
Sat May 17 17:30:45 -03 2025: Errores de cámara detectados en los últimos 100 logs: 4
Sat May 17 17:31:15 -03 2025: Errores de cámara detectados en los últimos 100 logs: 4
Sat May 17 17:31:46 -03 2025: Errores de cámara detectados en los últimos 100 logs: 4
Sat May 17 17:32:16 -03 2025: Errores de cámara detectados en los últimos 100 logs: 4
Sat May 17 17:32:46 -03 2025: Errores de cámara detectados en los últimos 100 logs: 4
Sat May 17 17:33:16 -03 2025: Errores de cámara detectados en los últimos 100 logs: 4
Sat May 17 17:33:46 -03 2025: Errores de cámara detectados en los últimos 100 logs: 4
Sat May 17 17:34:17 -03 2025: Errores de cámara detectados en los últimos 100 logs: 4
Sat May 17 17:34:47 -03 2025: Errores de cámara detectados en los últimos 100 logs: 4
Sat May 17 17:35:17 -03 2025: Errores de cámara detectados en los últimos 100 logs: 4
Sat May 17 17:35:47 -03 2025: Errores de cámara detectados en los últimos 100 logs: 4
Sat May 17 17:36:17 -03 2025: Errores de cámara detectados en los últimos 100 logs: 4
Sat May 17 17:36:47 -03 2025: Errores de cámara detectados en los últimos 100 logs: 4
Sat May 17 17:37:17 -03 2025: Errores de cámara detectados en los últimos 100 logs: 4
Sat May 17 17:37:48 -03 2025: Errores de cámara detectados en los últimos 100 logs: 4
Sat May 17 17:38:18 -03 2025: Errores de cámara detectados en los últimos 100 logs: 4
Sat May 17 17:38:48 -03 2025: Errores de cámara detectados en los últimos 100 logs: 4
Sat May 17 17:39:18 -03 2025: Errores de cámara detectados en los últimos 100 logs: 4
Sat May 17 17:39:48 -03 2025: Errores de cámara detectados en los últimos 100 logs: 4
Sat May 17 17:40:18 -03 2025: Errores de cámara detectados en los últimos 100 logs: 4
Sat May 17 17:40:49 -03 2025: Errores de cámara detectados en los últimos 100 logs: 4
Sat May 17 17:41:19 -03 2025: Errores de cámara detectados en los últimos 100 logs: 4
Sat May 17 17:41:49 -03 2025: Errores de cámara detectados en los últimos 100 logs: 4
Sat May 17 17:42:19 -03 2025: Errores de cámara detectados en los últimos 100 logs: 4
Sat May 17 17:42:49 -03 2025: Errores de cámara detectados en los últimos 100 logs: 4
Sat May 17 17:43:19 -03 2025: Errores de cámara detectados en los últimos 100 logs: 4
Sat May 17 17:43:50 -03 2025: Errores de cámara detectados en los últimos 100 logs: 4
Sat May 17 17:44:20 -03 2025: Errores de cámara detectados en los últimos 100 logs: 4
Sat May 17 17:44:50 -03 2025: Errores de cámara detectados en los últimos 100 logs: 4
Sat May 17 17:45:20 -03 2025: Errores de cámara detectados en los últimos 100 logs: 4
Sat May 17 17:45:50 -03 2025: Errores de cámara detectados en los últimos 100 logs: 4
Sat May 17 17:46:20 -03 2025: Errores de cámara detectados en los últimos 100 logs: 4
Sat May 17 17:46:51 -03 2025: Errores de cámara detectados en los últimos 100 logs: 4
Sat May 17 17:47:21 -03 2025: Errores de cámara detectados en los últimos 100 logs: 4
Sat May 17 17:47:51 -03 2025: Errores de cámara detectados en los últimos 100 logs: 4
Sat May 17 17:48:21 -03 2025: Errores de cámara detectados en los últimos 100 logs: 4
Sat May 17 17:48:51 -03 2025: Errores de cámara detectados en los últimos 100 logs: 4
Sat May 17 17:49:21 -03 2025: Errores de cámara detectados en los últimos 100 logs: 4
Sat May 17 17:49:51 -03 2025: Errores de cámara detectados en los últimos 100 logs: 4
Sat May 17 17:50:22 -03 2025: Errores de cámara detectados en los últimos 100 logs: 4
Sat May 17 17:50:52 -03 2025: Errores de cámara detectados en los últimos 100 logs: 4
Sat May 17 17:51:22 -03 2025: Errores de cámara detectados en los últimos 100 logs: 4
Sat May 17 17:51:52 -03 2025: Errores de cámara detectados en los últimos 100 logs: 4
Sat May 17 17:52:22 -03 2025: Errores de cámara detectados en los últimos 100 logs: 4
Sat May 17 17:52:52 -03 2025: Errores de cámara detectados en los últimos 100 logs: 4
Sat May 17 17:53:22 -03 2025: Errores de cámara detectados en los últimos 100 logs: 4
Sat May 17 17:53:53 -03 2025: Errores de cámara detectados en los últimos 100 logs: 4
Sat May 17 17:54:23 -03 2025: Errores de cámara detectados en los últimos 100 logs: 4
Sat May 17 17:54:53 -03 2025: Errores de cámara detectados en los últimos 100 logs: 4
Sat May 17 17:55:23 -03 2025: Errores de cámara detectados en los últimos 100 logs: 4
Sat May 17 17:55:53 -03 2025: Errores de cámara detectados en los últimos 100 logs: 4
Sat May 17 17:56:24 -03 2025: Errores de cámara detectados en los últimos 100 logs: 4
Sat May 17 17:56:54 -03 2025: Errores de cámara detectados en los últimos 100 logs: 4
Sat May 17 17:57:24 -03 2025: Errores de cámara detectados en los últimos 100 logs: 4
Sat May 17 17:57:54 -03 2025: Errores de cámara detectados en los últimos 100 logs: 4
Sat May 17 17:58:24 -03 2025: Errores de cámara detectados en los últimos 100 logs: 4
Sat May 17 17:58:54 -03 2025: Errores de cámara detectados en los últimos 100 logs: 4
Sat May 17 17:59:24 -03 2025: Errores de cámara detectados en los últimos 100 logs: 4
Sat May 17 17:59:55 -03 2025: Errores de cámara detectados en los últimos 100 logs: 4
Sat May 17 18:00:25 -03 2025: Errores de cámara detectados en los últimos 100 logs: 4
Sat May 17 18:00:55 -03 2025: Errores de cámara detectados en los últimos 100 logs: 4
Sat May 17 18:01:25 -03 2025: Errores de cámara detectados en los últimos 100 logs: 4
Sat May 17 18:01:55 -03 2025: Errores de cámara detectados en los últimos 100 logs: 4
Sat May 17 18:02:25 -03 2025: Errores de cámara detectados en los últimos 100 logs: 4
Sat May 17 18:02:55 -03 2025: Errores de cámara detectados en los últimos 100 logs: 4
Sat May 17 18:03:26 -03 2025: Errores de cámara detectados en los últimos 100 logs: 4
Sat May 17 18:03:56 -03 2025: Errores de cámara detectados en los últimos 100 logs: 4
Sat May 17 18:04:26 -03 2025: Errores de cámara detectados en los últimos 100 logs: 4
Sat May 17 18:04:56 -03 2025: Errores de cámara detectados en los últimos 100 logs: 4
Sat May 17 18:05:26 -03 2025: Errores de cámara detectados en los últimos 100 logs: 4
Sat May 17 18:05:56 -03 2025: Errores de cámara detectados en los últimos 100 logs: 4
Sat May 17 18:06:26 -03 2025: Errores de cámara detectados en los últimos 100 logs: 4
Sat May 17 18:06:57 -03 2025: Errores de cámara detectados en los últimos 100 logs: 4
Sat May 17 18:07:27 -03 2025: Errores de cámara detectados en los últimos 100 logs: 4
Sat May 17 18:07:57 -03 2025: Errores de cámara detectados en los últimos 100 logs: 4
Sat May 17 18:08:27 -03 2025: Errores de cámara detectados en los últimos 100 logs: 4
Sat May 17 18:08:57 -03 2025: Errores de cámara detectados en los últimos 100 logs: 4
Sat May 17 18:09:27 -03 2025: Errores de cámara detectados en los últimos 100 logs: 4
Sat May 17 18:09:58 -03 2025: Errores de cámara detectados en los últimos 100 logs: 4
Sat May 17 18:10:28 -03 2025: Errores de cámara detectados en los últimos 100 logs: 4
Sat May 17 18:10:58 -03 2025: Errores de cámara detectados en los últimos 100 logs: 4
Sat May 17 18:11:28 -03 2025: Errores de cámara detectados en los últimos 100 logs: 4
Sat May 17 18:11:58 -03 2025: Errores de cámara detectados en los últimos 100 logs: 4
Sat May 17 18:12:28 -03 2025: Errores de cámara detectados en los últimos 100 logs: 4
Sat May 17 18:12:59 -03 2025: Errores de cámara detectados en los últimos 100 logs: 4
Sat May 17 18:13:29 -03 2025: Errores de cámara detectados en los últimos 100 logs: 4
Sat May 17 18:13:59 -03 2025: Errores de cámara detectados en los últimos 100 logs: 4
Sat May 17 18:14:29 -03 2025: Errores de cámara detectados en los últimos 100 logs: 4
Sat May 17 18:14:59 -03 2025: Errores de cámara detectados en los últimos 100 logs: 4
Sat May 17 18:15:29 -03 2025: Errores de cámara detectados en los últimos 100 logs: 4
Sat May 17 18:15:59 -03 2025: Errores de cámara detectados en los últimos 100 logs: 4
Sat May 17 18:16:30 -03 2025: Errores de cámara detectados en los últimos 100 logs: 4
Sat May 17 18:17:00 -03 2025: Errores de cámara detectados en los últimos 100 logs: 4
Sat May 17 18:17:30 -03 2025: Errores de cámara detectados en los últimos 100 logs: 4
Sat May 17 18:18:00 -03 2025: Errores de cámara detectados en los últimos 100 logs: 4
Sat May 17 18:18:30 -03 2025: Errores de cámara detectados en los últimos 100 logs: 4
Sat May 17 18:19:01 -03 2025: Errores de cámara detectados en los últimos 100 logs: 4
Sat May 17 18:19:31 -03 2025: Errores de cámara detectados en los últimos 100 logs: 4
Sat May 17 18:20:01 -03 2025: Errores de cámara detectados en los últimos 100 logs: 4
Sat May 17 18:20:31 -03 2025: Errores de cámara detectados en los últimos 100 logs: 4
Sat May 17 18:21:01 -03 2025: Errores de cámara detectados en los últimos 100 logs: 4
Sat May 17 18:21:31 -03 2025: Errores de cámara detectados en los últimos 100 logs: 4
Sat May 17 18:22:02 -03 2025: Errores de cámara detectados en los últimos 100 logs: 4
Sat May 17 18:22:32 -03 2025: Errores de cámara detectados en los últimos 100 logs: 4
Sat May 17 18:23:02 -03 2025: Errores de cámara detectados en los últimos 100 logs: 4
Sat May 17 18:23:32 -03 2025: Errores de cámara detectados en los últimos 100 logs: 4
Sat May 17 18:24:02 -03 2025: Errores de cámara detectados en los últimos 100 logs: 4
Sat May 17 18:24:32 -03 2025: Errores de cámara detectados en los últimos 100 logs: 4
Sat May 17 18:25:02 -03 2025: Errores de cámara detectados en los últimos 100 logs: 4
Sat May 17 18:25:33 -03 2025: Errores de cámara detectados en los últimos 100 logs: 4
Sat May 17 18:26:03 -03 2025: Errores de cámara detectados en los últimos 100 logs: 4
Sat May 17 18:26:33 -03 2025: Errores de cámara detectados en los últimos 100 logs: 4
Sat May 17 18:27:03 -03 2025: Errores de cámara detectados en los últimos 100 logs: 4
Sat May 17 18:27:33 -03 2025: Errores de cámara detectados en los últimos 100 logs: 4
Sat May 17 18:28:03 -03 2025: Errores de cámara detectados en los últimos 100 logs: 4
Sat May 17 18:28:34 -03 2025: Errores de cámara detectados en los últimos 100 logs: 4
Sat May 17 18:29:04 -03 2025: Errores de cámara detectados en los últimos 100 logs: 4
Sat May 17 18:29:34 -03 2025: Errores de cámara detectados en los últimos 100 logs: 4
Sat May 17 18:30:04 -03 2025: Errores de cámara detectados en los últimos 100 logs: 4
Sat May 17 18:30:34 -03 2025: Errores de cámara detectados en los últimos 100 logs: 4
Sat May 17 18:31:04 -03 2025: Errores de cámara detectados en los últimos 100 logs: 4
Sat May 17 18:31:35 -03 2025: Errores de cámara detectados en los últimos 100 logs: 4
Sat May 17 18:32:05 -03 2025: Errores de cámara detectados en los últimos 100 logs: 4
Sat May 17 18:32:35 -03 2025: Errores de cámara detectados en los últimos 100 logs: 4
Sat May 17 18:33:05 -03 2025: Errores de cámara detectados en los últimos 100 logs: 4
Sat May 17 18:33:35 -03 2025: Errores de cámara detectados en los últimos 100 logs: 4
Sat May 17 18:34:05 -03 2025: Errores de cámara detectados en los últimos 100 logs: 4
Sat May 17 18:34:35 -03 2025: Errores de cámara detectados en los últimos 100 logs: 4
Sat May 17 18:35:06 -03 2025: Errores de cámara detectados en los últimos 100 logs: 4
Sat May 17 18:35:36 -03 2025: Errores de cámara detectados en los últimos 100 logs: 4
Sat May 17 18:36:06 -03 2025: Errores de cámara detectados en los últimos 100 logs: 4
Sat May 17 18:36:36 -03 2025: Errores de cámara detectados en los últimos 100 logs: 4
Sat May 17 18:37:06 -03 2025: Errores de cámara detectados en los últimos 100 logs: 4
Sat May 17 18:37:36 -03 2025: Errores de cámara detectados en los últimos 100 logs: 4
Sat May 17 18:38:07 -03 2025: Errores de cámara detectados en los últimos 100 logs: 4
Sat May 17 18:38:37 -03 2025: Errores de cámara detectados en los últimos 100 logs: 4
Sat May 17 18:39:07 -03 2025: Errores de cámara detectados en los últimos 100 logs: 4
Sat May 17 18:39:37 -03 2025: Errores de cámara detectados en los últimos 100 logs: 4
Sat May 17 18:40:07 -03 2025: Errores de cámara detectados en los últimos 100 logs: 4
Sat May 17 18:40:37 -03 2025: Errores de cámara detectados en los últimos 100 logs: 4
Sat May 17 18:41:07 -03 2025: Errores de cámara detectados en los últimos 100 logs: 4
Sat May 17 18:41:38 -03 2025: Errores de cámara detectados en los últimos 100 logs: 4
Sat May 17 18:42:08 -03 2025: Errores de cámara detectados en los últimos 100 logs: 4
Sat May 17 18:42:38 -03 2025: Errores de cámara detectados en los últimos 100 logs: 4
Sat May 17 18:43:08 -03 2025: Errores de cámara detectados en los últimos 100 logs: 4
Sat May 17 18:43:38 -03 2025: Errores de cámara detectados en los últimos 100 logs: 4
Sat May 17 18:44:08 -03 2025: Errores de cámara detectados en los últimos 100 logs: 4
Sat May 17 18:44:38 -03 2025: Errores de cámara detectados en los últimos 100 logs: 4
Sat May 17 18:45:09 -03 2025: Errores de cámara detectados en los últimos 100 logs: 4
Sat May 17 18:45:39 -03 2025: Errores de cámara detectados en los últimos 100 logs: 4
Sat May 17 18:46:09 -03 2025: Errores de cámara detectados en los últimos 100 logs: 4
Sat May 17 18:46:39 -03 2025: Errores de cámara detectados en los últimos 100 logs: 4
Sat May 17 18:47:09 -03 2025: Errores de cámara detectados en los últimos 100 logs: 4
Sat May 17 18:47:39 -03 2025: Errores de cámara detectados en los últimos 100 logs: 4
Sat May 17 18:48:10 -03 2025: Errores de cámara detectados en los últimos 100 logs: 4
Sat May 17 18:48:40 -03 2025: Errores de cámara detectados en los últimos 100 logs: 4
Sat May 17 18:49:10 -03 2025: Errores de cámara detectados en los últimos 100 logs: 4
Sat May 17 18:49:40 -03 2025: Errores de cámara detectados en los últimos 100 logs: 4
Sat May 17 18:50:10 -03 2025: Errores de cámara detectados en los últimos 100 logs: 4
Sat May 17 18:50:40 -03 2025: Errores de cámara detectados en los últimos 100 logs: 4
Sat May 17 18:51:10 -03 2025: Errores de cámara detectados en los últimos 100 logs: 4
Sat May 17 18:51:41 -03 2025: Errores de cámara detectados en los últimos 100 logs: 4
Sat May 17 18:52:11 -03 2025: Errores de cámara detectados en los últimos 100 logs: 4
Sat May 17 18:52:41 -03 2025: Errores de cámara detectados en los últimos 100 logs: 4
Sat May 17 18:53:11 -03 2025: Errores de cámara detectados en los últimos 100 logs: 4
Sat May 17 18:53:41 -03 2025: Errores de cámara detectados en los últimos 100 logs: 4
Sat May 17 18:54:11 -03 2025: Errores de cámara detectados en los últimos 100 logs: 4
Sat May 17 18:54:42 -03 2025: Errores de cámara detectados en los últimos 100 logs: 4
Sat May 17 18:55:12 -03 2025: Errores de cámara detectados en los últimos 100 logs: 4
Sat May 17 18:55:42 -03 2025: Errores de cámara detectados en los últimos 100 logs: 4
Sat May 17 18:56:12 -03 2025: Errores de cámara detectados en los últimos 100 logs: 4
Sat May 17 18:56:42 -03 2025: Errores de cámara detectados en los últimos 100 logs: 4
Sat May 17 18:57:12 -03 2025: Errores de cámara detectados en los últimos 100 logs: 4
Sat May 17 18:57:43 -03 2025: Errores de cámara detectados en los últimos 100 logs: 4
Sat May 17 18:58:13 -03 2025: Errores de cámara detectados en los últimos 100 logs: 4
Sat May 17 18:58:43 -03 2025: Errores de cámara detectados en los últimos 100 logs: 4
Sat May 17 18:59:13 -03 2025: Errores de cámara detectados en los últimos 100 logs: 4
Sat May 17 18:59:43 -03 2025: Errores de cámara detectados en los últimos 100 logs: 4
Sat May 17 19:00:13 -03 2025: Errores de cámara detectados en los últimos 100 logs: 4
Sat May 17 19:00:43 -03 2025: Errores de cámara detectados en los últimos 100 logs: 4
Sat May 17 19:01:14 -03 2025: Errores de cámara detectados en los últimos 100 logs: 4
Sat May 17 19:01:44 -03 2025: Errores de cámara detectados en los últimos 100 logs: 4
Sat May 17 19:02:14 -03 2025: Errores de cámara detectados en los últimos 100 logs: 4
Sat May 17 19:02:44 -03 2025: Errores de cámara detectados en los últimos 100 logs: 4
Sat May 17 19:03:14 -03 2025: Errores de cámara detectados en los últimos 100 logs: 4
Sat May 17 19:03:44 -03 2025: Errores de cámara detectados en los últimos 100 logs: 4
Sat May 17 19:04:15 -03 2025: Errores de cámara detectados en los últimos 100 logs: 4
Sat May 17 19:04:45 -03 2025: Errores de cámara detectados en los últimos 100 logs: 4
Sat May 17 19:05:15 -03 2025: Errores de cámara detectados en los últimos 100 logs: 4
Sat May 17 19:05:45 -03 2025: Errores de cámara detectados en los últimos 100 logs: 4
Sat May 17 19:06:15 -03 2025: Errores de cámara detectados en los últimos 100 logs: 4
Sat May 17 19:06:45 -03 2025: Errores de cámara detectados en los últimos 100 logs: 4
Sat May 17 19:07:16 -03 2025: Errores de cámara detectados en los últimos 100 logs: 4
Sat May 17 19:07:46 -03 2025: Errores de cámara detectados en los últimos 100 logs: 4
Sat May 17 19:08:16 -03 2025: Errores de cámara detectados en los últimos 100 logs: 4
Sat May 17 19:08:46 -03 2025: Errores de cámara detectados en los últimos 100 logs: 4
Sat May 17 19:09:16 -03 2025: Errores de cámara detectados en los últimos 100 logs: 4
Sat May 17 19:09:46 -03 2025: Errores de cámara detectados en los últimos 100 logs: 4
Sat May 17 19:10:16 -03 2025: Errores de cámara detectados en los últimos 100 logs: 4
Sat May 17 19:10:47 -03 2025: Errores de cámara detectados en los últimos 100 logs: 4
Sat May 17 19:11:17 -03 2025: Errores de cámara detectados en los últimos 100 logs: 4
Sat May 17 19:11:47 -03 2025: Errores de cámara detectados en los últimos 100 logs: 4
Sat May 17 19:12:17 -03 2025: Errores de cámara detectados en los últimos 100 logs: 4
Sat May 17 19:12:47 -03 2025: Errores de cámara detectados en los últimos 100 logs: 4
Sat May 17 19:13:18 -03 2025: Errores de cámara detectados en los últimos 100 logs: 4
Sat May 17 19:13:48 -03 2025: Errores de cámara detectados en los últimos 100 logs: 4
Sat May 17 19:14:18 -03 2025: Errores de cámara detectados en los últimos 100 logs: 4
Sat May 17 19:14:48 -03 2025: Errores de cámara detectados en los últimos 100 logs: 4
Sat May 17 19:15:18 -03 2025: Errores de cámara detectados en los últimos 100 logs: 4
Sat May 17 19:15:48 -03 2025: Errores de cámara detectados en los últimos 100 logs: 4
Sat May 17 19:16:19 -03 2025: Errores de cámara detectados en los últimos 100 logs: 4
Sat May 17 19:16:49 -03 2025: Errores de cámara detectados en los últimos 100 logs: 4
Sat May 17 19:17:19 -03 2025: Errores de cámara detectados en los últimos 100 logs: 4
Sat May 17 19:17:49 -03 2025: Errores de cámara detectados en los últimos 100 logs: 4
Sat May 17 19:18:19 -03 2025: Errores de cámara detectados en los últimos 100 logs: 4
Sat May 17 19:18:49 -03 2025: Errores de cámara detectados en los últimos 100 logs: 4
Sat May 17 19:19:20 -03 2025: Errores de cámara detectados en los últimos 100 logs: 4
Sat May 17 19:19:50 -03 2025: Errores de cámara detectados en los últimos 100 logs: 4
Sat May 17 19:20:20 -03 2025: Errores de cámara detectados en los últimos 100 logs: 4
Sat May 17 19:20:50 -03 2025: Errores de cámara detectados en los últimos 100 logs: 4
Sat May 17 19:21:20 -03 2025: Errores de cámara detectados en los últimos 100 logs: 4
Sat May 17 19:21:50 -03 2025: Errores de cámara detectados en los últimos 100 logs: 4
Sat May 17 19:22:21 -03 2025: Errores de cámara detectados en los últimos 100 logs: 4
Sat May 17 19:22:51 -03 2025: Errores de cámara detectados en los últimos 100 logs: 4
Sat May 17 19:23:21 -03 2025: Errores de cámara detectados en los últimos 100 logs: 4
Sat May 17 19:23:52 -03 2025: Errores de cámara detectados en los últimos 100 logs: 4
Sat May 17 19:24:22 -03 2025: Errores de cámara detectados en los últimos 100 logs: 4
Sat May 17 19:24:52 -03 2025: Errores de cámara detectados en los últimos 100 logs: 4
Sat May 17 19:25:22 -03 2025: Errores de cámara detectados en los últimos 100 logs: 4
Sat May 17 19:25:52 -03 2025: Errores de cámara detectados en los últimos 100 logs: 4
Sat May 17 19:26:22 -03 2025: Errores de cámara detectados en los últimos 100 logs: 4
Sat May 17 19:26:52 -03 2025: Errores de cámara detectados en los últimos 100 logs: 4
Sat May 17 19:27:23 -03 2025: Errores de cámara detectados en los últimos 100 logs: 4
Sat May 17 19:27:53 -03 2025: Errores de cámara detectados en los últimos 100 logs: 4
Sat May 17 19:28:23 -03 2025: Errores de cámara detectados en los últimos 100 logs: 4
Sat May 17 19:28:53 -03 2025: Errores de cámara detectados en los últimos 100 logs: 4
Sat May 17 19:29:23 -03 2025: Errores de cámara detectados en los últimos 100 logs: 4
Sat May 17 19:29:53 -03 2025: Errores de cámara detectados en los últimos 100 logs: 4
Sat May 17 19:30:24 -03 2025: Errores de cámara detectados en los últimos 100 logs: 4
Sat May 17 19:30:54 -03 2025: Errores de cámara detectados en los últimos 100 logs: 4
Sat May 17 19:31:24 -03 2025: Errores de cámara detectados en los últimos 100 logs: 4
Sat May 17 19:31:54 -03 2025: Errores de cámara detectados en los últimos 100 logs: 4
Sat May 17 19:32:24 -03 2025: Errores de cámara detectados en los últimos 100 logs: 4
Sat May 17 19:32:54 -03 2025: Errores de cámara detectados en los últimos 100 logs: 4
Sat May 17 19:33:25 -03 2025: Errores de cámara detectados en los últimos 100 logs: 4
Sat May 17 19:33:55 -03 2025: Errores de cámara detectados en los últimos 100 logs: 4
Sat May 17 19:34:25 -03 2025: Errores de cámara detectados en los últimos 100 logs: 4
Sat May 17 19:34:55 -03 2025: Errores de cámara detectados en los últimos 100 logs: 4
Sat May 17 19:35:25 -03 2025: Errores de cámara detectados en los últimos 100 logs: 4
Sat May 17 19:35:55 -03 2025: Errores de cámara detectados en los últimos 100 logs: 4
Sat May 17 19:36:26 -03 2025: Errores de cámara detectados en los últimos 100 logs: 4
Sat May 17 19:36:56 -03 2025: Errores de cámara detectados en los últimos 100 logs: 4
Sat May 17 19:37:26 -03 2025: Errores de cámara detectados en los últimos 100 logs: 4
Sat May 17 19:37:56 -03 2025: Errores de cámara detectados en los últimos 100 logs: 4
Sat May 17 19:38:26 -03 2025: Errores de cámara detectados en los últimos 100 logs: 4
Sat May 17 19:38:56 -03 2025: Errores de cámara detectados en los últimos 100 logs: 4
